5
none
3580746020392020480
none
none
none
none
5040
none
none
none
232050
14108640
52898171040
53153923680
53474901480
3226993745976
868220100
54278683200
204684625015200
12407377862880000
882479520
3359607451200
3364041844800
884822400
55201910400
208107930270240
none
243320
933332400
938180880
939393000
58183725600
941046288
950317680
58634422560
58953258000
58861857600
59308381440
15276800
955197360
959212800
60495832800
61004845440
240362042880960
none
257040
16151520
1015056000
64726099200
16507562472601200
none
267288
271440
17020740
1104760800
70484544900
17237745
1098460440
1099288476
1102077900
71013983040
4590154453500
4596354322560
1113304500
1125164040
4590145007280
4633662393360
1120519980
72926817600
4725688968000
74227570560
none
280140
281520
18064200
18488520
1196071128
1200553200
1201109910
77651784000
18604800
18613980
1215799200
78601723200
79468028640
1223302080
1228983840
79966600560
80430900480
5289594710400
5293273043520
23004564647137920
none
292810
19164600
294000
19460350
19542600
84795480000
85440957840
86133247200
5665630698000
24880752416520000
379291066862400
86535343440
1321388640
87673966380
88118110080
88992731520
393182349674400
none
307800
307944
1392431040
92750742000
92771406000
1399159440
430544565259200
21127392
1401168132
6430720282560
95356661400
436545696787200
none
323232
22252230
1485862560
102574221750
102652804800
103113230850
2264197111908732000
105618921408
105977592000
none
334180
1597377600
110496859200
1598382240
7654657570560
1640633280
113480367000
7938226296000
7945675657920
1654052400
none
2
68
69
70
